1761026585.475758 client started (5258): version 3.5a, socket /private/tmp/tmux-501/default, protocol 8
1761026585.475797 on Darwin 25.0.0 Darwin Kernel Version 25.0.0: Wed Sep 17 21:41:39 PDT 2025; root:xnu-12377.1.9~141/RELEASE_ARM64_T8103
1761026585.475803 using libevent 2.1.12-stable select
1761026585.476197 using utf8proc 2.11.0
1761026585.476209 using ncurses 6.5 20240427
1761026585.476221 flags are 0x10010000
1761026585.476225 socket is /private/tmp/tmux-501/default
1761026585.476233 trying connect
1761026585.476264 add peer 0x75f01c000: 6 (0x0)
1761026585.477989 sending message 111 to peer 0x75f01c000 (8 bytes)
1761026585.477999 sending message 111 to peer 0x75f01c000 (8 bytes)
1761026585.478004 sending message 101 to peer 0x75f01c000 (14 bytes)
1761026585.478008 sending message 109 to peer 0x75f01c000 (4 bytes)
1761026585.478012 sending message 102 to peer 0x75f01c000 (13 bytes)
1761026585.478016 sending message 108 to peer 0x75f01c000 (24 bytes)
1761026585.478020 sending message 112 to peer 0x75f01c000 (70 bytes)
1761026585.478024 sending message 112 to peer 0x75f01c000 (5 bytes)
1761026585.478028 sending message 112 to peer 0x75f01c000 (5 bytes)
1761026585.478034 sending message 112 to peer 0x75f01c000 (6 bytes)
1761026585.478038 sending message 112 to peer 0x75f01c000 (6 bytes)
1761026585.478042 sending message 112 to peer 0x75f01c000 (11 bytes)
1761026585.478046 sending message 112 to peer 0x75f01c000 (10 bytes)
1761026585.478050 sending message 112 to peer 0x75f01c000 (13 bytes)
1761026585.478053 sending message 112 to peer 0x75f01c000 (13 bytes)
1761026585.478057 sending message 112 to peer 0x75f01c000 (18 bytes)
1761026585.478061 sending message 112 to peer 0x75f01c000 (11 bytes)
1761026585.478065 sending message 112 to peer 0x75f01c000 (10 bytes)
1761026585.478069 sending message 112 to peer 0x75f01c000 (15 bytes)
1761026585.478072 sending message 112 to peer 0x75f01c000 (21 bytes)
1761026585.478076 sending message 112 to peer 0x75f01c000 (13 bytes)
1761026585.478080 sending message 112 to peer 0x75f01c000 (7 bytes)
1761026585.478083 sending message 112 to peer 0x75f01c000 (13 bytes)
1761026585.478088 sending message 112 to peer 0x75f01c000 (7 bytes)
1761026585.478093 sending message 112 to peer 0x75f01c000 (13 bytes)
1761026585.478098 sending message 112 to peer 0x75f01c000 (9 bytes)
1761026585.478102 sending message 112 to peer 0x75f01c000 (21 bytes)
1761026585.478106 sending message 112 to peer 0x75f01c000 (13 bytes)
1761026585.478110 sending message 112 to peer 0x75f01c000 (8 bytes)
1761026585.478114 sending message 112 to peer 0x75f01c000 (12 bytes)
1761026585.478118 sending message 112 to peer 0x75f01c000 (13 bytes)
1761026585.478121 sending message 112 to peer 0x75f01c000 (9 bytes)
1761026585.478127 sending message 112 to peer 0x75f01c000 (9 bytes)
1761026585.478131 sending message 112 to peer 0x75f01c000 (12 bytes)
1761026585.478134 sending message 112 to peer 0x75f01c000 (8 bytes)
1761026585.478138 sending message 112 to peer 0x75f01c000 (8 bytes)
1761026585.478142 sending message 112 to peer 0x75f01c000 (7 bytes)
1761026585.478146 sending message 112 to peer 0x75f01c000 (7 bytes)
1761026585.478149 sending message 112 to peer 0x75f01c000 (9 bytes)
1761026585.478153 sending message 112 to peer 0x75f01c000 (13 bytes)
1761026585.478157 sending message 112 to peer 0x75f01c000 (6 bytes)
1761026585.478161 sending message 112 to peer 0x75f01c000 (9 bytes)
1761026585.478165 sending message 112 to peer 0x75f01c000 (15 bytes)
1761026585.478168 sending message 112 to peer 0x75f01c000 (13 bytes)
1761026585.478172 sending message 112 to peer 0x75f01c000 (12 bytes)
1761026585.478176 sending message 112 to peer 0x75f01c000 (8 bytes)
1761026585.478180 sending message 112 to peer 0x75f01c000 (14 bytes)
1761026585.478185 sending message 112 to peer 0x75f01c000 (11 bytes)
1761026585.478189 sending message 112 to peer 0x75f01c000 (9 bytes)
1761026585.478194 sending message 112 to peer 0x75f01c000 (10 bytes)
1761026585.478198 sending message 112 to peer 0x75f01c000 (10 bytes)
1761026585.478201 sending message 112 to peer 0x75f01c000 (10 bytes)
1761026585.478213 sending message 112 to peer 0x75f01c000 (10 bytes)
1761026585.478217 sending message 112 to peer 0x75f01c000 (11 bytes)
1761026585.478220 sending message 112 to peer 0x75f01c000 (12 bytes)
1761026585.478222 sending message 112 to peer 0x75f01c000 (12 bytes)
1761026585.478225 sending message 112 to peer 0x75f01c000 (12 bytes)
1761026585.478228 sending message 112 to peer 0x75f01c000 (12 bytes)
1761026585.478230 sending message 112 to peer 0x75f01c000 (12 bytes)
1761026585.478233 sending message 112 to peer 0x75f01c000 (11 bytes)
1761026585.478237 sending message 112 to peer 0x75f01c000 (11 bytes)
1761026585.478240 sending message 112 to peer 0x75f01c000 (12 bytes)
1761026585.478243 sending message 112 to peer 0x75f01c000 (12 bytes)
1761026585.478246 sending message 112 to peer 0x75f01c000 (12 bytes)
1761026585.478249 sending message 112 to peer 0x75f01c000 (12 bytes)
1761026585.478252 sending message 112 to peer 0x75f01c000 (12 bytes)
1761026585.478255 sending message 112 to peer 0x75f01c000 (10 bytes)
1761026585.478258 sending message 112 to peer 0x75f01c000 (12 bytes)
1761026585.478261 sending message 112 to peer 0x75f01c000 (13 bytes)
1761026585.478264 sending message 112 to peer 0x75f01c000 (13 bytes)
1761026585.478267 sending message 112 to peer 0x75f01c000 (13 bytes)
1761026585.478270 sending message 112 to peer 0x75f01c000 (13 bytes)
1761026585.478273 sending message 112 to peer 0x75f01c000 (13 bytes)
1761026585.478276 sending message 112 to peer 0x75f01c000 (8 bytes)
1761026585.478280 sending message 112 to peer 0x75f01c000 (11 bytes)
1761026585.478282 sending message 112 to peer 0x75f01c000 (11 bytes)
1761026585.478285 sending message 112 to peer 0x75f01c000 (11 bytes)
1761026585.478289 sending message 112 to peer 0x75f01c000 (12 bytes)
1761026585.478291 sending message 112 to peer 0x75f01c000 (12 bytes)
1761026585.478295 sending message 112 to peer 0x75f01c000 (12 bytes)
1761026585.478298 sending message 112 to peer 0x75f01c000 (12 bytes)
1761026585.478301 sending message 112 to peer 0x75f01c000 (13 bytes)
1761026585.478304 sending message 112 to peer 0x75f01c000 (13 bytes)
1761026585.478308 sending message 112 to peer 0x75f01c000 (13 bytes)
1761026585.478310 sending message 112 to peer 0x75f01c000 (8 bytes)
1761026585.478314 sending message 112 to peer 0x75f01c000 (13 bytes)
1761026585.478317 sending message 112 to peer 0x75f01c000 (13 bytes)
1761026585.478319 sending message 112 to peer 0x75f01c000 (13 bytes)
1761026585.478323 sending message 112 to peer 0x75f01c000 (13 bytes)
1761026585.478326 sending message 112 to peer 0x75f01c000 (13 bytes)
1761026585.478329 sending message 112 to peer 0x75f01c000 (12 bytes)
1761026585.478332 sending message 112 to peer 0x75f01c000 (12 bytes)
1761026585.478335 sending message 112 to peer 0x75f01c000 (12 bytes)
1761026585.478338 sending message 112 to peer 0x75f01c000 (12 bytes)
1761026585.478342 sending message 112 to peer 0x75f01c000 (13 bytes)
1761026585.478345 sending message 112 to peer 0x75f01c000 (8 bytes)
1761026585.478348 sending message 112 to peer 0x75f01c000 (13 bytes)
1761026585.478351 sending message 112 to peer 0x75f01c000 (13 bytes)
1761026585.478355 sending message 112 to peer 0x75f01c000 (13 bytes)
1761026585.478357 sending message 112 to peer 0x75f01c000 (13 bytes)
1761026585.478360 sending message 112 to peer 0x75f01c000 (13 bytes)
1761026585.478364 sending message 112 to peer 0x75f01c000 (13 bytes)
1761026585.478366 sending message 112 to peer 0x75f01c000 (13 bytes)
1761026585.478370 sending message 112 to peer 0x75f01c000 (12 bytes)
1761026585.478373 sending message 112 to peer 0x75f01c000 (12 bytes)
1761026585.478376 sending message 112 to peer 0x75f01c000 (12 bytes)
1761026585.478380 sending message 112 to peer 0x75f01c000 (8 bytes)
1761026585.478382 sending message 112 to peer 0x75f01c000 (12 bytes)
1761026585.478386 sending message 112 to peer 0x75f01c000 (13 bytes)
1761026585.478389 sending message 112 to peer 0x75f01c000 (13 bytes)
1761026585.478393 sending message 112 to peer 0x75f01c000 (13 bytes)
1761026585.478395 sending message 112 to peer 0x75f01c000 (13 bytes)
1761026585.478405 sending message 112 to peer 0x75f01c000 (13 bytes)
1761026585.478408 sending message 112 to peer 0x75f01c000 (13 bytes)
1761026585.478412 sending message 112 to peer 0x75f01c000 (13 bytes)
1761026585.478415 sending message 112 to peer 0x75f01c000 (13 bytes)
1761026585.478418 sending message 112 to peer 0x75f01c000 (12 bytes)
1761026585.478421 sending message 112 to peer 0x75f01c000 (10 bytes)
1761026585.478424 sending message 112 to peer 0x75f01c000 (12 bytes)
1761026585.478427 sending message 112 to peer 0x75f01c000 (12 bytes)
1761026585.478431 sending message 112 to peer 0x75f01c000 (12 bytes)
1761026585.478434 sending message 112 to peer 0x75f01c000 (13 bytes)
1761026585.478437 sending message 112 to peer 0x75f01c000 (13 bytes)
1761026585.478440 sending message 112 to peer 0x75f01c000 (13 bytes)
1761026585.478443 sending message 112 to peer 0x75f01c000 (13 bytes)
1761026585.478447 sending message 112 to peer 0x75f01c000 (13 bytes)
1761026585.478450 sending message 112 to peer 0x75f01c000 (13 bytes)
1761026585.478454 sending message 112 to peer 0x75f01c000 (13 bytes)
1761026585.478456 sending message 112 to peer 0x75f01c000 (10 bytes)
1761026585.478460 sending message 112 to peer 0x75f01c000 (13 bytes)
1761026585.478463 sending message 112 to peer 0x75f01c000 (12 bytes)
1761026585.478466 sending message 112 to peer 0x75f01c000 (12 bytes)
1761026585.478469 sending message 112 to peer 0x75f01c000 (12 bytes)
1761026585.478472 sending message 112 to peer 0x75f01c000 (10 bytes)
1761026585.478475 sending message 112 to peer 0x75f01c000 (10 bytes)
1761026585.478478 sending message 112 to peer 0x75f01c000 (10 bytes)
1761026585.478481 sending message 112 to peer 0x75f01c000 (12 bytes)
1761026585.478484 sending message 112 to peer 0x75f01c000 (13 bytes)
1761026585.478487 sending message 112 to peer 0x75f01c000 (13 bytes)
1761026585.478490 sending message 112 to peer 0x75f01c000 (13 bytes)
1761026585.478493 sending message 112 to peer 0x75f01c000 (13 bytes)
1761026585.478496 sending message 112 to peer 0x75f01c000 (13 bytes)
1761026585.478499 sending message 112 to peer 0x75f01c000 (11 bytes)
1761026585.478502 sending message 112 to peer 0x75f01c000 (11 bytes)
1761026585.478505 sending message 112 to peer 0x75f01c000 (12 bytes)
1761026585.478508 sending message 112 to peer 0x75f01c000 (12 bytes)
1761026585.478511 sending message 112 to peer 0x75f01c000 (12 bytes)
1761026585.478514 sending message 112 to peer 0x75f01c000 (12 bytes)
1761026585.478517 sending message 112 to peer 0x75f01c000 (12 bytes)
1761026585.478521 sending message 112 to peer 0x75f01c000 (11 bytes)
1761026585.478523 sending message 112 to peer 0x75f01c000 (12 bytes)
1761026585.478527 sending message 112 to peer 0x75f01c000 (12 bytes)
1761026585.478530 sending message 112 to peer 0x75f01c000 (13 bytes)
1761026585.478533 sending message 112 to peer 0x75f01c000 (13 bytes)
1761026585.478536 sending message 112 to peer 0x75f01c000 (13 bytes)
1761026585.478539 sending message 112 to peer 0x75f01c000 (13 bytes)
1761026585.478542 sending message 112 to peer 0x75f01c000 (13 bytes)
1761026585.478545 sending message 112 to peer 0x75f01c000 (10 bytes)
1761026585.478548 sending message 112 to peer 0x75f01c000 (9 bytes)
1761026585.478551 sending message 112 to peer 0x75f01c000 (12 bytes)
1761026585.478554 sending message 112 to peer 0x75f01c000 (13 bytes)
1761026585.478557 sending message 112 to peer 0x75f01c000 (13 bytes)
1761026585.478560 sending message 112 to peer 0x75f01c000 (13 bytes)
1761026585.478563 sending message 112 to peer 0x75f01c000 (13 bytes)
1761026585.478566 sending message 112 to peer 0x75f01c000 (13 bytes)
1761026585.478569 sending message 112 to peer 0x75f01c000 (9 bytes)
1761026585.478572 sending message 112 to peer 0x75f01c000 (12 bytes)
1761026585.478575 sending message 112 to peer 0x75f01c000 (13 bytes)
1761026585.478579 sending message 112 to peer 0x75f01c000 (13 bytes)
1761026585.478581 sending message 112 to peer 0x75f01c000 (13 bytes)
1761026585.478585 sending message 112 to peer 0x75f01c000 (13 bytes)
1761026585.478594 sending message 112 to peer 0x75f01c000 (13 bytes)
1761026585.478597 sending message 112 to peer 0x75f01c000 (11 bytes)
1761026585.478600 sending message 112 to peer 0x75f01c000 (12 bytes)
1761026585.478603 sending message 112 to peer 0x75f01c000 (13 bytes)
1761026585.478607 sending message 112 to peer 0x75f01c000 (13 bytes)
1761026585.478609 sending message 112 to peer 0x75f01c000 (13 bytes)
1761026585.478613 sending message 112 to peer 0x75f01c000 (13 bytes)
1761026585.478616 sending message 112 to peer 0x75f01c000 (13 bytes)
1761026585.478619 sending message 112 to peer 0x75f01c000 (11 bytes)
1761026585.478622 sending message 112 to peer 0x75f01c000 (12 bytes)
1761026585.478625 sending message 112 to peer 0x75f01c000 (12 bytes)
1761026585.478628 sending message 112 to peer 0x75f01c000 (12 bytes)
1761026585.478631 sending message 112 to peer 0x75f01c000 (12 bytes)
1761026585.478634 sending message 112 to peer 0x75f01c000 (12 bytes)
1761026585.478637 sending message 112 to peer 0x75f01c000 (21 bytes)
1761026585.478640 sending message 112 to peer 0x75f01c000 (12 bytes)
1761026585.478643 sending message 112 to peer 0x75f01c000 (9 bytes)
1761026585.478646 sending message 112 to peer 0x75f01c000 (6 bytes)
1761026585.478649 sending message 112 to peer 0x75f01c000 (13 bytes)
1761026585.478652 sending message 112 to peer 0x75f01c000 (8 bytes)
1761026585.478655 sending message 112 to peer 0x75f01c000 (15 bytes)
1761026585.478658 sending message 112 to peer 0x75f01c000 (13 bytes)
1761026585.478661 sending message 112 to peer 0x75f01c000 (9 bytes)
1761026585.478664 sending message 112 to peer 0x75f01c000 (70 bytes)
1761026585.478667 sending message 112 to peer 0x75f01c000 (69 bytes)
1761026585.478671 sending message 112 to peer 0x75f01c000 (10 bytes)
1761026585.478674 sending message 112 to peer 0x75f01c000 (10 bytes)
1761026585.478677 sending message 112 to peer 0x75f01c000 (8 bytes)
1761026585.478680 sending message 112 to peer 0x75f01c000 (15 bytes)
1761026585.478684 sending message 112 to peer 0x75f01c000 (13 bytes)
1761026585.478687 sending message 112 to peer 0x75f01c000 (10 bytes)
1761026585.478691 sending message 112 to peer 0x75f01c000 (10 bytes)
1761026585.478694 sending message 112 to peer 0x75f01c000 (17 bytes)
1761026585.478697 sending message 112 to peer 0x75f01c000 (10 bytes)
1761026585.478700 sending message 112 to peer 0x75f01c000 (13 bytes)
1761026585.478703 sending message 112 to peer 0x75f01c000 (9 bytes)
1761026585.478706 sending message 112 to peer 0x75f01c000 (5 bytes)
1761026585.478709 sending message 112 to peer 0x75f01c000 (15 bytes)
1761026585.478714 sending message 104 to peer 0x75f01c000 (0 bytes)
1761026585.478717 sending message 110 to peer 0x75f01c000 (0 bytes)
1761026585.478721 sending message 107 to peer 0x75f01c000 (4 bytes)
1761026585.478724 sending message 105 to peer 0x75f01c000 (20 bytes)
1761026585.478727 sending message 105 to peer 0x75f01c000 (22 bytes)
1761026585.478729 sending message 105 to peer 0x75f01c000 (64 bytes)
1761026585.478732 sending message 105 to peer 0x75f01c000 (57 bytes)
1761026585.478735 sending message 105 to peer 0x75f01c000 (75 bytes)
1761026585.478738 sending message 105 to peer 0x75f01c000 (41 bytes)
1761026585.478740 sending message 105 to peer 0x75f01c000 (20 bytes)
1761026585.478743 sending message 105 to peer 0x75f01c000 (37 bytes)
1761026585.478746 sending message 105 to peer 0x75f01c000 (30 bytes)
1761026585.478748 sending message 105 to peer 0x75f01c000 (34 bytes)
1761026585.478751 sending message 105 to peer 0x75f01c000 (60 bytes)
1761026585.478754 sending message 105 to peer 0x75f01c000 (17 bytes)
1761026585.478756 sending message 105 to peer 0x75f01c000 (8 bytes)
1761026585.478759 sending message 105 to peer 0x75f01c000 (16 bytes)
1761026585.478762 sending message 105 to peer 0x75f01c000 (32 bytes)
1761026585.478764 sending message 105 to peer 0x75f01c000 (96 bytes)
1761026585.478767 sending message 105 to peer 0x75f01c000 (54 bytes)
1761026585.478770 sending message 105 to peer 0x75f01c000 (231 bytes)
1761026585.478778 sending message 105 to peer 0x75f01c000 (55 bytes)
1761026585.478781 sending message 105 to peer 0x75f01c000 (16 bytes)
1761026585.478784 sending message 105 to peer 0x75f01c000 (28 bytes)
1761026585.478786 sending message 105 to peer 0x75f01c000 (64 bytes)
1761026585.478789 sending message 105 to peer 0x75f01c000 (31 bytes)
1761026585.478792 sending message 105 to peer 0x75f01c000 (18 bytes)
1761026585.478794 sending message 105 to peer 0x75f01c000 (11 bytes)
1761026585.478797 sending message 105 to peer 0x75f01c000 (1262 bytes)
1761026585.478800 sending message 105 to peer 0x75f01c000 (28 bytes)
1761026585.478803 sending message 105 to peer 0x75f01c000 (16 bytes)
1761026585.478805 sending message 105 to peer 0x75f01c000 (24 bytes)
1761026585.478808 sending message 105 to peer 0x75f01c000 (15 bytes)
1761026585.478811 sending message 105 to peer 0x75f01c000 (8 bytes)
1761026585.478813 sending message 105 to peer 0x75f01c000 (66 bytes)
1761026585.478816 sending message 105 to peer 0x75f01c000 (38 bytes)
1761026585.478818 sending message 105 to peer 0x75f01c000 (19 bytes)
1761026585.478821 sending message 105 to peer 0x75f01c000 (19 bytes)
1761026585.478824 sending message 105 to peer 0x75f01c000 (63 bytes)
1761026585.478826 sending message 105 to peer 0x75f01c000 (18 bytes)
1761026585.478829 sending message 105 to peer 0x75f01c000 (26 bytes)
1761026585.478833 sending message 105 to peer 0x75f01c000 (57 bytes)
1761026585.478836 sending message 105 to peer 0x75f01c000 (42 bytes)
1761026585.478839 sending message 105 to peer 0x75f01c000 (13 bytes)
1761026585.478842 sending message 105 to peer 0x75f01c000 (62 bytes)
1761026585.478844 sending message 105 to peer 0x75f01c000 (13 bytes)
1761026585.478847 sending message 105 to peer 0x75f01c000 (69 bytes)
1761026585.478849 sending message 105 to peer 0x75f01c000 (98 bytes)
1761026585.478852 sending message 105 to peer 0x75f01c000 (14 bytes)
1761026585.478855 sending message 105 to peer 0x75f01c000 (19 bytes)
1761026585.478857 sending message 105 to peer 0x75f01c000 (30 bytes)
1761026585.478860 sending message 105 to peer 0x75f01c000 (43 bytes)
1761026585.478863 sending message 105 to peer 0x75f01c000 (32 bytes)
1761026585.478865 sending message 105 to peer 0x75f01c000 (25 bytes)
1761026585.478868 sending message 106 to peer 0x75f01c000 (0 bytes)
1761026585.478918 sending message 200 to peer 0x75f01c000 (4 bytes)
1761026585.478923 client loop enter
1761026585.479063 peer 0x75f01c000 message 303
1761026585.479068 open write file 2 -
1761026585.479074 sending message 305 to peer 0x75f01c000 (8 bytes)
1761026585.479083 write check file 2
1761026585.479095 peer 0x75f01c000 message 304
1761026585.479098 write 58 to file 2
1761026585.479101 peer 0x75f01c000 message 203
1761026585.479104 file 2 58 bytes left
1761026585.479112 write check file 2
1761026585.479115 client loop exit
